https://api.nookipedia.com/nh/art?excludedetails=true
43 objects returned
[
    "Academic painting",
    "Amazing painting",
    "Ancient statue",
    "Basic painting",
    "Beautiful statue",
    "Calm painting",
    "Common painting",
    "Detailed painting",
    "Dynamic painting",
    "Familiar statue",
    "Famous painting",
    "Flowery painting",
    "Gallant statue",
    "Glowing painting",
    "Graceful painting",
    "Great statue",
    "Informative statue",
    "Jolly painting",
    "Moody painting",
    "Motherly statue",
    "Moving painting",
    "Mysterious painting",
    "Mystic statue",
    "Nice painting",
    "Perfect painting",
    "Proper painting",
    "Quaint painting",
    "Robust statue",
    "Rock-head statue",
    "Scary painting",
    "Scenic painting",
    "Serene painting",
    "Sinking painting",
    "Solemn painting",
    "Tremendous statue",
    "Twinkling painting",
    "Valiant statue",
    "Warm painting",
    "Warrior statue",
    "wild painting left half",
    "wild painting right half",
    "Wistful painting",
    "Worthy painting"
]
