https://api.nookipedia.com/nh/fossils/groups?excludedetails=true
35 objects returned
[
    "Acanthostega",
    "Amber",
    "Ammonite",
    "Ankylosaurus",
    "Anomalocaris",
    "Archaeopteryx",
    "Archelon",
    "australopith",
    "Brachiosaurus",
    "Coprolite",
    "Deinonychus",
    "Dimetrodon",
    "Dinosaur track",
    "Diplodocus",
    "Dunkleosteus",
    "Eusthenopteron",
    "Iguanodon",
    "juramaia",
    "Mammoth",
    "Megacerops",
    "Megaloceros",
    "Myllokunmingia",
    "Ophthalmosaurus",
    "Pachycephalosaurus",
    "Parasaurolophus",
    "Pteranodon",
    "Quetzalcoatlus",
    "Sabertooth Tiger",
    "Shark-tooth pattern",
    "Spinosaurus",
    "Stegosaurus",
    "T. Rex",
    "Triceratops",
    "Triceratops",
    "Trilobite"
]
