https://api.nookipedia.com/nh/sea?excludedetails=true
40 objects returned
[
    "abalone",
    "acorn barnacle",
    "chambered nautilus",
    "Dungeness crab",
    "firefly squid",
    "flatworm",
    "gazami crab",
    "giant isopod",
    "gigas giant clam",
    "horseshoe crab",
    "lobster",
    "mantis shrimp",
    "moon jellyfish",
    "mussel",
    "octopus",
    "oyster",
    "pearl oyster",
    "red king crab",
    "scallop",
    "sea anemone",
    "sea cucumber",
    "sea grapes",
    "sea pig",
    "sea pineapple",
    "sea slug",
    "sea star",
    "sea urchin",
    "seaweed",
    "slate pencil urchin",
    "snow crab",
    "spider crab",
    "spiny lobster",
    "spotted garden eel",
    "sweet shrimp",
    "tiger prawn",
    "turban shell",
    "umbrella octopus",
    "vampire squid",
    "Venus' flower basket",
    "whelk"
]
