https://api.nookipedia.com/nh/tools/Slingshot
14 objects returned
{
    "url": "https://nookipedia.com/wiki/Item%3ASlingshot%20%28New%20Horizons%29",
    "name": "slingshot",
    "uses": "20",
    "hha_base": 0,
    "sell": 225,
    "customizable": true,
    "custom_kits": 1,
    "custom_body_part": "Color",
    "version_added": "1.0.0",
    "unlocked": true,
    "notes": "",
    "availability": [
        {
            "from": "Timmy",
            "note": "Resident Services Tent"
        },
        {
            "from": "Nook's Cranny",
            "note": ""
        },
        {
            "from": "crafting",
            "note": ""
        }
    ],
    "buy": [
        {
            "price": 900,
            "currency": "Bells"
        }
    ],
    "variations": [
        {
            "name": "slingshot",
            "variation": "Red",
            "image_url": "https://dodo.ac/np/images/e/ed/Slingshot_%28Red%29_NH_Icon.png"
        },
        {
            "name": "slingshot",
            "variation": "Yellow",
            "image_url": "https://dodo.ac/np/images/c/c6/Slingshot_%28Yellow%29_NH_Icon.png"
        },
        {
            "name": "slingshot",
            "variation": "Green",
            "image_url": "https://dodo.ac/np/images/7/7f/Slingshot_%28Green%29_NH_Icon.png"
        },
        {
            "name": "slingshot",
            "variation": "Blue",
            "image_url": "https://dodo.ac/np/images/b/b2/Slingshot_%28Blue%29_NH_Icon.png"
        },
        {
            "name": "slingshot",
            "variation": "Purple",
            "image_url": "https://dodo.ac/np/images/f/fb/Slingshot_%28Purple%29_NH_Icon.png"
        },
        {
            "name": "slingshot",
            "variation": "Pink",
            "image_url": "https://dodo.ac/np/images/3/37/Slingshot_%28Pink%29_NH_Icon.png"
        },
        {
            "name": "slingshot",
            "variation": "White",
            "image_url": "https://dodo.ac/np/images/5/5c/Slingshot_%28White%29_NH_Icon.png"
        },
        {
            "name": "slingshot",
            "variation": "Gray",
            "image_url": "https://dodo.ac/np/images/b/b2/Slingshot_%28Gray%29_NH_Icon.png"
        }
    ]
}
