https://api.nookipedia.com/nh/clothing?excludedetails=true
1487 objects returned
[
    "3D glasses",
    "A tee",
    "academy uniform",
    "acid-washed jacket",
    "acid-washed jeans",
    "acorn knit cap",
    "acorn pochette",
    "adventure dress",
    "aerobics leggings",
    "after-school jacket",
    "alpinist dress",
    "alpinist hat",
    "alpinist overalls",
    "ancient administrator hat",
    "ancient belted robe",
    "ancient sashed robe",
    "animal nose",
    "animal-print coat",
    "animal-stripes skirt",
    "animal-stripes tee",
    "annyeong tee",
    "anorak jacket",
    "antique boots",
    "\u00e1o d\u00e0i",
    "apparel-shop paper bag",
    "apple dress",
    "apple hat",
    "apple umbrella",
    "apron",
    "apron skirt",
    "Aran-knit cap",
    "Aran-knit cardigan",
    "Aran-knit socks",
    "Aran-knit sweater",
    "argyle crew socks",
    "argyle sweater",
    "argyle vest",
    "armor shoes",
    "Asian-style clasp purse",
    "astro dress",
    "athletic jacket",
    "athletic outfit",
    "athletic pants",
    "athletic shorts",
    "attus robe",
    "babouches",
    "baby romper",
    "baby's hat",
    "baby-chick costume",
    "back-bow socks",
    "baggy shirt",
    "baji jeogori",
    "ballet outfit",
    "ballet slippers",
    "balloon hat",
    "ballroom mask",
    "balmacaan coat",
    "bamboo hat",
    "bandage",
    "barista uniform",
    "barrette",
    "baseball cap",
    "baseball shirt",
    "baseball uniform",
    "basic pumps",
    "basket bag",
    "basket pack",
    "basketball shoes",
    "basketball shorts",
    "basketball tank",
    "bat umbrella",
    "bath-towel wrap",
    "bathrobe",
    "batter's helmet",
    "beach umbrella",
    "beaded clasp purse",
    "beaded sandals",
    "beak",
    "bear backpack",
    "bear cap",
    "bear costume",
    "bear tee",
    "bear umbrella",
    "bekasab robe",
    "bell-bottoms",
    "belted dotted dress",
    "belted wraparound skirt",
    "beret",
    "bicycle helmet",
    "big-star tee",
    "biker jacket",
    "bingata dress",
    "birthday hat",
    "birthday shades",
    "black chic umbrella",
    "black lace umbrella",
    "blossom dress",
    "blossom tee",
    "blossoming kimono",
    "blue dot parasol",
    "blue rose crown",
    "blue shiny-bows parasol",
    "blue umbrella",
    "boa blouson",
    "boa fleece",
    "boa parka",
    "boa shorts",
    "boa skirt",
    "bobby socks",
    "Bohemian tunic dress",
    "bold aloha shirt",
    "bold muumuu",
    "bolero coat",
    "bomber-style jacket",
    "bomber-style skirt",
    "bone costume",
    "bone tee",
    "bonjour tee",
    "boots",
    "botanical shorts",
    "botanical tee",
    "botanical-print backpack",
    "bottom-rimmed glasses",
    "bowler hat with ribbon",
    "bowling shirt",
    "box-pleated skirt",
    "box-skirt uniform",
    "bread-print eco bag",
    "bridal veil",
    "browline glasses",
    "bubble-skirt party dress",
    "bubblegum",
    "bug aloha shirt",
    "bug cage",
    "bulb bopper",
    "bulldog jacket",
    "bun wig",
    "Bunny Day bag",
    "Bunny Day crown",
    "bunny dress",
    "bunny ears",
    "bunny hood",
    "bunny nose",
    "business shoes",
    "business suitcoat",
    "busted umbrella",
    "butterfly backpack",
    "butterfly shades",
    "butterfly visiting kimono",
    "buttoned lace skirt",
    "buttoned wraparound skirt",
    "caf\u00e9 uniform",
    "caf\u00e9-uniform dress",
    "camo bomber-style jacket",
    "camo pants",
    "camo skirt",
    "camo tee",
    "camo tote bag",
    "camo umbrella",
    "camper tee",
    "candy umbrella",
    "candy-skull mask",
    "canvas backpack",
    "captain's hat",
    "cardigan school uniform top",
    "cardigan-shirt combo",
    "career jacket",
    "career skirt",
    "cargo pants",
    "cargo shorts",
    "cast",
    "casual chic dress",
    "casual kimono",
    "casual pants",
    "cat cap",
    "cat dress",
    "cat nose",
    "catcher's mask",
    "caterpillar costume",
    "cavalier hat",
    "cavalier shirt",
    "caveman tank",
    "chain pants",
    "checkered backpack",
    "checkered chesterfield coat",
    "checkered jumper dress",
    "checkered muffler",
    "checkered school pants",
    "checkered school skirt",
    "checkered sweater vest",
    "cheerleading uniform",
    "chef's hat",
    "chef's outfit",
    "cherry dress",
    "cherry hat",
    "cherry umbrella",
    "cherry-blossom pochette",
    "cherry-blossom umbrella",
    "chesterfield coat",
    "chic mum crown",
    "chic rose crown",
    "chic tulip crown",
    "chic tuxedo dress",
    "chick tee",
    "chima jeogori",
    "Chimayo vest",
    "china poblana",
    "chino pants",
    "chiton",
    "ciao tee",
    "Cinnamoroll hat",
    "Cinnamoroll jacket",
    "Cinnamoroll puffy blouse",
    "Cinnamoroll sneakers",
    "clasp purse",
    "clean-room suit",
    "cleats",
    "cloth shoulder bag",
    "clover dress",
    "clutch",
    "coatigan",
    "coin headpiece",
    "cold-country bunad",
    "cold-country dress",
    "collarless coat",
    "collarless shirt",
    "college cardigan",
    "color-block dress shirt",
    "color-blocked socks",
    "colorful skirt",
    "colorful striped knit cap",
    "colorful striped sweater",
    "combat helmet",
    "comedian's outfit",
    "comedian's pants",
    "comfy sandals",
    "comic shorts",
    "composer's wig",
    "compression tights",
    "concierge uniform",
    "conductor's cap",
    "conductor's jacket",
    "cook cap with logo",
    "cook's coat",
    "cool hyacinth crown",
    "cool pansy crown",
    "cool windflower crown",
    "coral Nook Inc. aloha shirt",
    "corduroy pants",
    "corduroy skirt",
    "corte skirt",
    "cosmos crown",
    "country socks",
    "coverall coat",
    "coveralls with arm covers",
    "cowboy boots",
    "cowboy shirt",
    "cozy Paradise Planning coat",
    "crocheted socks",
    "cropped pants",
    "cross-belt sandals",
    "crossbody bag",
    "crossbody boston bag",
    "crown",
    "cucumber pack",
    "cuffed pants",
    "culottes",
    "curly mustache",
    "cut-pleather skirt",
    "cute lily crown",
    "cute rose crown",
    "cute sneakers",
    "cyber shades",
    "cyber suit",
    "cycling cap",
    "cycling shirt",
    "cycling shorts",
    "DAL apron",
    "DAL backpack",
    "DAL cap",
    "DAL eye mask",
    "DAL pilot jacket",
    "DAL slippers",
    "DAL sunglasses",
    "DAL tee",
    "DAL umbrella",
    "dance shoes",
    "dance warm-up pants",
    "dance-team jacket",
    "dandy hat",
    "danger tank",
    "dark cosmos crown",
    "dark lily crown",
    "dark tulip crown",
    "dazed dress",
    "delivery bag",
    "delivery jacket",
    "denim cap",
    "denim cutoffs",
    "denim jacket",
    "denim leggings",
    "denim overalls",
    "denim painter's pants",
    "denim pants",
    "denim skirt",
    "denim vest",
    "department-store paper bag",
    "desert outfit",
    "desert-princess outfit",
    "detective hat",
    "detective's coat",
    "diamond-weave basket bag",
    "diaper",
    "diner apron",
    "diner uniform",
    "dirty tank top",
    "DJ cap",
    "DJ KK logo tee",
    "do-rag",
    "doctor's coat",
    "doctor's mask",
    "dog nose",
    "dollhouse dress",
    "dolly shirt",
    "dotted knee-high socks",
    "dotted raincoat",
    "dotted shorts",
    "dotted shower cap",
    "double nose tissues",
    "double-bridge glasses",
    "doublet",
    "down jacket",
    "down pants",
    "down ski jacket",
    "down skirt",
    "dragon jacket",
    "dragon suit",
    "draped skirt",
    "dreamy backpack",
    "dreamy dress",
    "dreamy pants",
    "dreamy pochette",
    "dreamy ribbon pochette",
    "dreamy sweater",
    "dreamy unicorn pochette",
    "dress pants",
    "dress shirt",
    "drinking-straw glasses",
    "dry bag",
    "dynamic tank top",
    "earbuds combo",
    "earth-egg outfit",
    "earth-egg shell",
    "earth-egg shoes",
    "Edo-period merchant outfit",
    "egg party dress",
    "egg party hat",
    "egg-sushi costume",
    "eggshell",
    "eggy parasol",
    "eight-ball tee",
    "elder mask",
    "electronics-store paper bag",
    "elegant dress",
    "elegant hat",
    "elegant masquerade mask",
    "elephant-print pants",
    "embellished denim pants",
    "emblem blazer",
    "embroidered floral skirt",
    "embroidered shoes",
    "embroidered tank",
    "embroidered-flower tights",
    "embroidered-pattern skirt",
    "emergency headcover",
    "energetic sweater",
    "evening bag",
    "everyday socks",
    "everyday tights",
    "explorer shirt",
    "explorer shorts",
    "explorer's hat",
    "exquisite parasol",
    "extra-large backpack",
    "eye gauze",
    "eye mask",
    "eye patch",
    "facial mask",
    "fairy dress",
    "fairy-tale dress",
    "fairy-tale hood",
    "fairy-tale umbrella",
    "fake nose",
    "fancy kimono",
    "fancy party dress",
    "farmer overalls",
    "fashionable royal dress",
    "fast-food cap",
    "fast-food uniform",
    "faux-fur ankle booties",
    "faux-fur bag",
    "faux-fur hat",
    "faux-fur skirt",
    "faux-hair sweater",
    "faux-shearling boots",
    "faux-shearling coat",
    "faux-shearling skirt",
    "faux-suede sneakers",
    "fedora",
    "Festivale accessory",
    "Festivale costume",
    "Festivale tank dress",
    "festive dress",
    "festive-tree dress",
    "figure-skating costume",
    "figure-skating dress",
    "fired-up kanji tee",
    "firefighter uniform",
    "firefighter's hat",
    "fischerhemd",
    "fish pochette",
    "fish umbrella",
    "fish-print eco bag",
    "fish-print tee",
    "fishing vest",
    "fishing waders",
    "fishnet tights",
    "fitness tank",
    "five-ball tee",
    "flame tee",
    "flannel shirt",
    "flapper dress",
    "flare skirt",
    "flashy animal boots",
    "flashy animal costume",
    "flashy cardigan",
    "flashy hairpin",
    "flashy jacket",
    "flashy kimono",
    "flashy pointy-ear animal hat",
    "flashy round-ear animal hat",
    "flashy slacks",
    "fleece pj's",
    "flight jacket",
    "flight-crew uniform",
    "flip-flops",
    "floral hairpin",
    "floral lace dress",
    "floral lace skirt",
    "floral skirt",
    "flower bopper",
    "flower sandals",
    "flower sunglasses",
    "flower sweater",
    "flower-print dress",
    "flower-print eco bag",
    "flowery-dot tights",
    "foldover-top backpack",
    "folk shirt",
    "folk-dance outfit",
    "food mess",
    "football helmet",
    "football pants",
    "football shirt",
    "forest-print dress",
    "formal shorts",
    "four-ball tee",
    "fox mask",
    "frilly dress",
    "frilly knee-high socks",
    "frilly pants",
    "frilly skirt",
    "frilly socks",
    "frilly sweatpants",
    "fringe skirt",
    "frog cap",
    "frog costume",
    "frog tee",
    "frog umbrella",
    "front-tie button-down shirt",
    "front-tie tee",
    "frugal dress",
    "frugal hat",
    "frugal outfit",
    "full-body glowing-moss suit",
    "full-body tights",
    "full-length dress with pearls",
    "full-length maid gown",
    "funny glasses",
    "funny-face socks",
    "furoshiki bag",
    "fuzzy vest",
    "garden tank",
    "garter socks",
    "gas mask",
    "gaucho pants",
    "geisha wig",
    "gelato umbrella",
    "geometric-print pants",
    "geometric-print socks",
    "ghillie brogues",
    "ghost umbrella",
    "giant ribbon",
    "gilet and shirt",
    "gingham picnic shirt",
    "gingham picnic skirt",
    "gizzard-shad-sushi costume",
    "gladiator sandals",
    "glass-bottle glasses",
    "glengarry",
    "glowing-moss dress",
    "glowing-moss headband",
    "glowing-moss hood",
    "glowing-moss pointed cap",
    "goatee",
    "gobelin shorts",
    "goggles",
    "gold armor",
    "gold helmet",
    "gold rose crown",
    "gold-armor shoes",
    "gold-print tee",
    "gothic headdress",
    "gown coat",
    "graduation gown",
    "grape dress",
    "grape hat",
    "grape umbrella",
    "grape-harvest basket",
    "grass skirt",
    "green chic umbrella",
    "green grass skirt",
    "green Nook Inc. aloha shirt",
    "green umbrella",
    "groovy shirt",
    "groovy tunic",
    "guayabera shirt",
    "guide shirt",
    "gumdrop dress",
    "gumdrop shoulder bag",
    "gym tee",
    "hakama",
    "hakama with crest",
    "hallo tee",
    "halo",
    "hand-knit pouch",
    "hand-knit socks",
    "hand-knit tank",
    "handlebar mustache",
    "handmade cape",
    "handmade crown",
    "hanten jacket",
    "happi tee",
    "hard-shell backpack",
    "Hawaiian-print apron",
    "hawk jacket",
    "head bandages",
    "headband",
    "headgear",
    "headkerchief",
    "heart apron",
    "heart bopper",
    "heart hairpin",
    "heart shades",
    "heart sweater",
    "heavy-duty shirt",
    "Hello Kitty dress",
    "Hello Kitty hat",
    "Hello Kitty shoes",
    "Hello Kitty tee",
    "hello tee",
    "helmet with goggles",
    "henley shirt",
    "hi tee",
    "hi-tech sneakers",
    "hibiscus hairpin",
    "hibiscus muumuu",
    "hickory-stripe pants",
    "high-tops",
    "Hikoboshi outfit",
    "hip-wrap shirt",
    "HMD",
    "hockey mask",
    "hoi tee",
    "hola tee",
    "holey socks",
    "holey tights",
    "holiday sweater",
    "horizontal-striped tights",
    "horizontal-striped wet suit",
    "horned-ogre mask",
    "hot-dog costume",
    "hot-dog hood",
    "house slippers",
    "house-print dress",
    "hula top",
    "humble sweater",
    "hyacinth crown",
    "hydrangea umbrella",
    "hygiene-safety hood",
    "ice-hockey uniform",
    "icy dress",
    "imitation cow skull",
    "imp hood",
    "impish costume",
    "impish horns",
    "impish wings",
    "instant-muscles suit",
    "instrument case",
    "iron armor",
    "Jack's face",
    "Jack's robe",
    "jester costume",
    "jester's cap",
    "jester's mask",
    "jester's shoes",
    "jet pack",
    "jinbei",
    "jockey uniform",
    "jockey's helmet",
    "jogging shorts",
    "judogi",
    "jumper work suit",
    "junihitoe kimono",
    "kabuki umbrella",
    "kabuki-actor yukata",
    "kaffiyeh",
    "kandoora",
    "kanji tee",
    "kappa cap",
    "kappa costume",
    "Kerokerokeroppi boots",
    "Kerokerokeroppi outfit",
    "Kerokerokeroppi pin",
    "Kerokerokeroppi socks",
    "Kerokerokeroppi tank top",
    "kiddie sneakers",
    "kiddie socks",
    "kids' smock",
    "Kiki & Lala dress",
    "Kiki & Lala pin",
    "Kiki & Lala shoes",
    "Kiki & Lala socks",
    "Kiki & Lala tee",
    "kilt",
    "kimono sandals",
    "King Tut mask",
    "kiwi dress",
    "kiwi hat",
    "kiwi umbrella",
    "knapsack",
    "knee bandages",
    "knee braces",
    "knight's helmet",
    "knit cap with earflaps",
    "knit cap with earmuffs",
    "knit hat",
    "knit pants",
    "knit skirt",
    "knitted-grass backpack",
    "konnichiwa tee",
    "kung-fu pants",
    "kung-fu shoes",
    "kung-fu tee",
    "kurta",
    "Labelle cap",
    "Labelle coat",
    "Labelle dress",
    "Labelle hat",
    "Labelle knit shirt",
    "Labelle pumps",
    "Labelle shorts",
    "Labelle skirt",
    "Labelle sneakers",
    "Labelle socks",
    "Labelle sunglasses",
    "Labelle tights",
    "lace shorts",
    "lace skirt",
    "lace socks",
    "lace-up boots",
    "lace-up dress",
    "lacy dress",
    "lacy parasol",
    "lacy shirt",
    "lacy tank",
    "ladder shades",
    "ladybug umbrella",
    "layered polo shirt",
    "layered shirt",
    "layered sleeveless dress",
    "layered socks",
    "layered tank",
    "layered tank dress",
    "leaf",
    "leaf mask",
    "leaf umbrella",
    "leaf-egg outfit",
    "leaf-egg shell",
    "leaf-egg shoes",
    "leaf-print wet suit",
    "leg warmers",
    "lemon skirt",
    "lemon umbrella",
    "leopard miniskirt",
    "leopard pumps",
    "leopard tee",
    "leopard-print backpack",
    "letter jacket",
    "lettered cap",
    "light-up flower crown",
    "lily crown",
    "linen dress",
    "lively plaid dress",
    "loafers",
    "log pack",
    "logo paper bag",
    "logo tote bag",
    "logo umbrella",
    "long chenille cardigan",
    "long chino skirt",
    "long denim cardigan",
    "long denim skirt",
    "long down coat",
    "long plaid skirt",
    "long pleated skirt",
    "long pleather coat",
    "long polka skirt",
    "long sailor skirt",
    "long sweatskirt",
    "long-underwear set",
    "loose fall dress",
    "loungewear shirt",
    "loungewear shorts",
    "lovely cosmos crown",
    "Luigi 'stache",
    "Luigi hat",
    "Luigi outfit",
    "Luigi shoes",
    "lunch-service apron",
    "lunch-service cap",
    "madras plaid shirt",
    "mage's booties",
    "mage's boots",
    "mage's dress",
    "mage's hat",
    "mage's robe",
    "mage's striped hat",
    "magic-academy hood",
    "magic-academy robe",
    "magical dress",
    "maid dress",
    "maple-leaf pochette",
    "maple-leaf umbrella",
    "marble-dots dress",
    "marble-dots tee",
    "marble-print dress",
    "mariachi clothing",
    "Mario 'stache",
    "Mario hat",
    "Mario outfit",
    "Mario shoes",
    "market auctioneer's cap",
    "mary janes",
    "masquerade mask",
    "matanpushi",
    "matronly bun",
    "maxi shirtdress",
    "melon umbrella",
    "meme shirt",
    "mermaid fishy dress",
    "mermaid princess dress",
    "mermaid shoes",
    "mermaid tiara",
    "mesh cap",
    "messenger bag",
    "midwinter sweater",
    "miko attire",
    "military uniform",
    "milkmaid dress",
    "milkmaid hat",
    "mini pleather bag",
    "mini straw boater",
    "mini-flower-print umbrella",
    "mint umbrella",
    "misty tee",
    "mixed-tweed socks",
    "moccasin boots",
    "moccasins",
    "mod parka",
    "mohawk wig",
    "moldy dress",
    "Mom's hand-knit sweater",
    "Mom's handmade apron",
    "Mom's knapsack",
    "monocle",
    "morning coat",
    "morning-glory yukata",
    "Moroccan dress",
    "mountain parka",
    "muay-thai shorts",
    "multicolor shorts",
    "multipurpose vest",
    "mum crown",
    "mummy mask",
    "mummy outfit",
    "muscle tank",
    "mush umbrella",
    "music-fest shirt",
    "MVP tee",
    "My Melody boots",
    "My Melody dress",
    "My Melody hood",
    "My Melody shirt",
    "mysterious dress",
    "neon leggings",
    "neon shades",
    "neon tights",
    "New Year's hat",
    "New Year's silk hat",
    "newsprint helmet",
    "ni hao tee",
    "night-vision goggles",
    "nightgown",
    "nine-ball tee",
    "ninja costume",
    "ninja hood",
    "no-show socks",
    "No. 1 shirt",
    "No. 2 shirt",
    "No. 3 shirt",
    "No. 4 shirt",
    "noble coat",
    "noble dress",
    "noble pants",
    "noble zap suit",
    "Noh mask",
    "Nook Inc. aloha shirt",
    "Nook Inc. bandanna",
    "Nook Inc. blouson",
    "Nook Inc. cap",
    "Nook Inc. eye mask",
    "Nook Inc. knapsack",
    "Nook Inc. leotard",
    "Nook Inc. pochette",
    "Nook Inc. slippers",
    "Nook Inc. snorkel",
    "Nook Inc. socks",
    "Nook Inc. sweater",
    "Nook Inc. tee",
    "Nook Inc. umbrella",
    "Nook Inc. wet suit",
    "nordic socks",
    "nose drip",
    "nose tissue",
    "nurse's cap",
    "nurse's dress uniform",
    "nurse's jacket",
    "nylon jacket",
    "octagonal glasses",
    "office uniform",
    "ogre costume",
    "oilskin coat",
    "OK Motors cap",
    "OK Motors jacket",
    "okame mask",
    "old commoner's kimono",
    "old-school jacket",
    "one-ball tee",
    "open track jacket",
    "open-collar shirt",
    "orange dress",
    "orange hat",
    "orange umbrella",
    "Orihime outfit",
    "ornament crown",
    "outback hat",
    "outdoor backpack",
    "outdoor hat",
    "outdoor sandals",
    "outdoor shorts",
    "oval glasses",
    "overall dress",
    "oversized print dress",
    "oversized shawl overshirt",
    "oversized-sweats dress",
    "pacifier",
    "paintball mask",
    "painter's coverall",
    "paisley bandanna",
    "pajama dress",
    "palatial tank dress",
    "panda backpack",
    "panda umbrella",
    "pansy crown",
    "paper parasol",
    "paper restaurant cap",
    "paper-bag hood",
    "paperboy cap",
    "Paradise Planning aloha top",
    "Paradise Planning blazer",
    "Paradise Planning dress",
    "Paradise Planning event tee",
    "Paradise Planning jacket",
    "Paradise Planning maxi",
    "Paradise Planning muumuu",
    "Paradise Planning sandals",
    "Paradise Planning shirt",
    "Paradise Planning slippers",
    "Paradise Planning tank top",
    "Paradise Planning tee",
    "Paradise Planning umbrella",
    "parka and shirtdress",
    "parka dress",
    "parka undercoat",
    "patched-knee pants",
    "patchwork coat",
    "patchwork skirt",
    "patchwork tulip hat",
    "patterned stockings",
    "patterned vinyl umbrella",
    "paw slippers",
    "peach dress",
    "peach hat",
    "peach umbrella",
    "peacoat",
    "peacoat-and-skirt combo",
    "pear dress",
    "pear hat",
    "pear umbrella",
    "pearl skirt",
    "peasant blouse",
    "petal parasol",
    "petal skirt",
    "pharaoh's outfit",
    "Phrygian cap",
    "picnic umbrella",
    "pig nose",
    "pigtail",
    "pilot shades",
    "pilot's cap",
    "pilot's hat",
    "pilot's uniform",
    "pinafore",
    "pineapple aloha shirt",
    "pineapple aloha shorts",
    "pineapple cap",
    "pineapple dress",
    "pineapple umbrella",
    "pink shiny-bows parasol",
    "pink umbrella",
    "pintuck-pleated dress",
    "pirate bandanna",
    "pirate beard",
    "pirate boots",
    "pirate dress",
    "pirate eye patch",
    "pirate outfit",
    "pirate pants",
    "pirate's hat",
    "pirate-treasure crown",
    "pirate-treasure robe",
    "pixel shades",
    "PJ outfit",
    "plaid puffed-sleeve shirt",
    "plaid shorts",
    "plaid-print dress",
    "plain cap",
    "plain do-rag",
    "plain paperboy cap",
    "pleated mask",
    "pleather ankle booties",
    "pleather crossbody bag",
    "pleather flare skirt",
    "pleather fringe bag",
    "pleather handbag",
    "pleather mask",
    "pleather pants",
    "pleather patch skirt",
    "pleather shorts",
    "pleather shoulder bag",
    "pleather skirt",
    "pleather sneakers",
    "pleather trench coat",
    "plover cardigan",
    "plover dress",
    "plover skirt",
    "plumeria hairpin",
    "plushie-muffler coat",
    "pocket tee",
    "police cap",
    "polka-dot backpack",
    "polka-dot miniskirt",
    "polo shirt",
    "pom casquette",
    "pom-pom boots",
    "pom-pom socks",
    "pom-pom sweater",
    "pompadour wig",
    "Pompompurin boots",
    "Pompompurin hat",
    "Pompompurin outfit",
    "Pompompurin tee",
    "poncho coat",
    "poncho-style sweater",
    "post-op patch",
    "power boots",
    "power helmet",
    "power suit",
    "prim outfit",
    "prince's tunic",
    "princess dress",
    "Princess Peach crown",
    "Princess Peach dress",
    "Princess Peach shoes",
    "printed fleece sweater",
    "printed layered shirt",
    "printed-sleeve sweater",
    "privacy mask",
    "priv\u00e9t tee",
    "prom crown",
    "prom sash",
    "prom tiara",
    "puckered socks",
    "puffy vest",
    "puffy-sleeve blouse",
    "pullover jacket",
    "punk hair wig",
    "punk pants",
    "purple chic umbrella",
    "purple hyacinth crown",
    "purple pansy crown",
    "purple shiny-bows parasol",
    "purple windflower crown",
    "python-print jacket",
    "python-print shoulder bag",
    "python-print slacks",
    "quilted down jacket",
    "quilted jacket",
    "rabbit tee",
    "racing helmet",
    "racing outfit",
    "rad power skirt suit",
    "raggedy outfit",
    "raglan shirt",
    "rain boots",
    "rain hat",
    "rain pants",
    "rainbow sweater",
    "rainbow umbrella",
    "raincoat",
    "raindrop umbrella",
    "randoseru",
    "recycled boots",
    "red chic umbrella",
    "red umbrella",
    "reflector",
    "reindeer costume",
    "reindeer hat",
    "reindeer sweater",
    "relay tank",
    "Renaissance dress",
    "restroom slippers",
    "retro A-line dress",
    "retro coat",
    "retro dress",
    "retro shades",
    "retro sleeveless dress",
    "retro sports bag",
    "retro sweater",
    "rhinestone shades",
    "ribbon",
    "ribbon sandals",
    "ribbon-straps tank",
    "ribboned garden hat",
    "ribboned straw hat",
    "ribbons & hearts knit dress",
    "rimmed glasses",
    "ripped doctor's coat",
    "robo antennae",
    "robot hero tee",
    "rose crown",
    "rose-print jacket",
    "rose-print skirt",
    "rose-print slacks",
    "round shades",
    "round tinted shades",
    "round-frame glasses",
    "rounded beard",
    "royal crown",
    "royal shirt",
    "rubber apron",
    "rubber half apron",
    "rubber-toe high tops",
    "rubber-toe sneakers",
    "ruffled dress",
    "rugby uniform",
    "rumba costume",
    "rumba dress",
    "running tights",
    "sacoche bag",
    "safety helmet",
    "safety helmet with lamp",
    "safety vest",
    "sailor skirt",
    "sailor's hat",
    "sailor's shirt",
    "sailor's tee",
    "sailor-collar dress",
    "sailor-style shirt",
    "samurai greaves",
    "samurai hakama",
    "samurai helmet",
    "samurai shirt",
    "samurai wig",
    "Santa beard",
    "Santa coat",
    "Santa hat",
    "Santa pants",
    "sari",
    "satchel",
    "satin dress",
    "satin pants",
    "scholar's hat",
    "school hat",
    "school jacket",
    "school pants",
    "school smock",
    "school uniform with necktie",
    "school uniform with ribbon",
    "schoolbag",
    "sea captain's coat",
    "sea hanten shirt",
    "security uniform",
    "semi-opaque socks",
    "semi-opaque tights",
    "sequin dress",
    "sequin leggings",
    "seven-ball tee",
    "shallow knit cap",
    "shamrock hat",
    "shamrock shoes",
    "shamrock suit",
    "shamrock sunglasses",
    "shattered glasses",
    "shawl-and-dress combo",
    "sheep costume",
    "sheep hood",
    "sheer socks",
    "shell dress",
    "shellfish pochette",
    "shiny bow platform shoes",
    "shiromuku",
    "shirt with camera",
    "shirt with striped vest",
    "shirtdress",
    "shop uniform shirt",
    "short peacoat",
    "short-sleeve dress shirt",
    "short-sleeved uniform top",
    "shorts outfit",
    "shower sandals",
    "silk floral-print pants",
    "silk floral-print shirt",
    "silk hat",
    "silk pants",
    "silk shirt",
    "silly glasses",
    "simple backpack",
    "simple checkered dress",
    "simple knee-high socks",
    "simple knit sweater",
    "simple mum crown",
    "simple parka",
    "simple sunglasses",
    "simple tote bag",
    "simple visiting kimono",
    "simple-accent socks",
    "simple-dots dress",
    "simple-dots tee",
    "six-ball tee",
    "skateboarding helmet",
    "skeleton hood",
    "ski boots",
    "ski goggles",
    "ski mask",
    "ski pants",
    "skirt with suspenders",
    "skiwear",
    "skull tee",
    "sky-egg outfit",
    "sky-egg shell",
    "sky-egg shoes",
    "slacks",
    "sleeved apron",
    "sleeveless dress shirt",
    "sleeveless parka",
    "sleeveless shirtdress",
    "sleeveless silk dress",
    "sleeveless sweater dress",
    "sleeveless tunic",
    "slip dress",
    "slip-on loafers",
    "slip-on sandals",
    "slip-on school shoes",
    "slippers",
    "small silk hat",
    "snorkel mask",
    "snowflake pochette",
    "snowflake sweater",
    "snowflake umbrella",
    "snowperson head",
    "snowy knit cap",
    "snowy sweater",
    "soccer shorts",
    "soccer socks",
    "soccer-uniform top",
    "soft-serve hat",
    "sombrero",
    "space boots",
    "space helmet",
    "space parka",
    "space suit",
    "spacey backpack",
    "spangle shorts",
    "sparkly embroidered tank",
    "spider umbrella",
    "spider-web tee",
    "spider-web tights",
    "sports cap",
    "sports tank",
    "sporty sandals",
    "sporty shades",
    "sporty skirt",
    "sprite costume",
    "square backpack",
    "square glasses",
    "square shoulder bag",
    "squared browline glasses",
    "stache & glasses",
    "staff uniform",
    "stagehand hat",
    "star bopper",
    "star costume",
    "star hairpin",
    "star head",
    "star pochette",
    "star shades",
    "starry tank",
    "steampunk costume",
    "steampunk dress",
    "steampunk glasses",
    "steampunk hat",
    "steel-toed boots",
    "stellar jumpsuit",
    "sticky rice",
    "stockings",
    "stone-egg outfit",
    "stone-egg shell",
    "stone-egg shoes",
    "strappy heels",
    "straw boater",
    "straw hat",
    "straw pochette",
    "straw umbrella hat",
    "strawberry dress",
    "strawberry hat",
    "strawberry umbrella",
    "stretch leggings",
    "striped basket bag",
    "striped bell-bottoms",
    "striped dress",
    "striped halter dress",
    "striped maxi dress",
    "striped pants",
    "striped shirt",
    "striped shorts",
    "striped socks",
    "striped tank",
    "striped tee",
    "striped tights",
    "striped umbrella",
    "studded backpack",
    "student cap",
    "stylish jumpsuit",
    "suit of lights",
    "suit with stand-up collar",
    "sunflower crown",
    "sunflower dress",
    "sunflower sunglasses",
    "sunny parasol",
    "superhero mask",
    "superhero uniform",
    "surfing shorts",
    "sushi chef hat",
    "sushi chef's outfit",
    "suspender outfit",
    "sweater dress",
    "sweater on shirt",
    "sweater-vest",
    "sweatpants",
    "sweatshirt",
    "sweet dress",
    "sweetheart dress",
    "sweetheart tank and shirt",
    "swimming cap",
    "sword in scabbard",
    "tabi",
    "tackle bag",
    "tailcoat",
    "tailored jacket",
    "tam-o'-shanter",
    "tango dress",
    "tank",
    "tartan-check umbrella",
    "tee and towel",
    "tee dress",
    "tee with silicone bib",
    "tee-parka combo",
    "tennis skirt",
    "tennis sweater",
    "terry-cloth do-rag",
    "terry-cloth nightcap",
    "terry-cloth nightgown",
    "terry-cloth shorts",
    "terry-cloth socks",
    "text shirt",
    "thank-you Dad apron",
    "thick-stripes shirt",
    "thief's costume",
    "thread-worn sweater",
    "three-ball tee",
    "three-quarter sweatpants",
    "tiara",
    "tiara hair",
    "tie-dye shirt",
    "tie-dye skirt",
    "tiered skirt",
    "tiger jacket",
    "tiger-face tee dress",
    "tight punk outfit",
    "tight-knit sweater",
    "tiny party cap",
    "tiny shades",
    "tiny-flower-print tote bag",
    "Toad parasol",
    "toga",
    "Tomato Festival tee",
    "tool bag",
    "top coat",
    "top hat",
    "torn pants",
    "tortoise specs",
    "tough helmet",
    "town backpack",
    "track jacket",
    "track pants",
    "traditional flower shoes",
    "traditional monpe pants",
    "traditional straw coat",
    "traditional suteteko pants",
    "travel pouch",
    "traveler's backpack",
    "tree sweater",
    "trekking shoes",
    "trench coat",
    "triangle shades",
    "tropical cut-and-sew tank",
    "tropical hat",
    "tropical muumuu",
    "tropical turban",
    "tsunokakushi",
    "tube socks",
    "tube top",
    "tubeteika",
    "tulip crown",
    "tulip hat",
    "tuna-sushi costume",
    "tunic tank",
    "turban",
    "tuxedo jacket",
    "tweed cap",
    "tweed dress",
    "tweed frilly skirt",
    "tweed jacket",
    "tweed pants",
    "tweed skirt",
    "tweed vest",
    "twisted hachimaki",
    "two-ball tee",
    "two-tone pants",
    "two-tone umbrella",
    "ultra no-show socks",
    "upcycled skirt",
    "V-neck sweater",
    "vampire costume",
    "veggie-print eco bag",
    "veil",
    "veiled gardening hat",
    "velour boots",
    "Venetian carnival mask",
    "vertical-stripes shirt",
    "vest with binoculars",
    "vibrant shorts",
    "vibrant tuxedo",
    "Victorian dress",
    "viking helmet",
    "viking top",
    "vine crown",
    "vine outfit",
    "vinyl round-toed pumps",
    "vinyl umbrella",
    "visual-punk boots",
    "visual-punk dress",
    "visual-punk outfit",
    "visual-punk wig",
    "vivid leggings",
    "vivid socks",
    "vivid tights",
    "waistcoat",
    "walking shoes",
    "Wario 'stache",
    "Wario hat",
    "Wario outfit",
    "Wario shoes",
    "warrior armor",
    "water sandals",
    "water shoes",
    "water-egg outfit",
    "water-egg shell",
    "water-egg shoes",
    "watermelon dress",
    "watermelon hat",
    "watermelon umbrella",
    "wave-print socks",
    "wedding dress",
    "wedding pumps",
    "wedding shoes",
    "wedding tuxedo",
    "welding mask",
    "western pants",
    "western shirt",
    "white hakama with crest",
    "white shiny-bows parasol",
    "wide chino pants",
    "wide-brim straw hat",
    "wig with ribbon",
    "windbreaker",
    "windflower crown",
    "wingtip shoes",
    "winklepickers",
    "wizard's cap",
    "wizard's robe",
    "wood-egg outfit",
    "wood-egg shell",
    "wood-egg shoes",
    "wooden clogs",
    "wooden-frame glasses",
    "work apron",
    "work boots",
    "work shirt",
    "worker's jacket",
    "workout pants",
    "workout top",
    "worn-out cutoffs",
    "worn-out jeans",
    "woven-vine pochette",
    "woven-vines hat",
    "wrestler uniform",
    "wrestling mask",
    "wrestling shoes",
    "wrestling singlet",
    "yacht shorts",
    "yodel cardigan",
    "yodel sweater",
    "young-royal shirt",
    "zap boots",
    "zap helmet",
    "zap suit",
    "zebra-print backpack",
    "zebra-print shoulder bag",
    "zen clasp purse",
    "zen hair clip",
    "zen uniform",
    "zigzag shirt",
    "zigzag-print dress",
    "zori"
]
