https://api.nookipedia.com/nh/fish/arowana
1 objects returned
[
    {
        "name": "Arowana",
        "url": "https://nookipedia.com/wiki/Arowana",
        "number": "41",
        "image_url": "https://dodo.ac/np/images/6/67/Arowana_NH_Icon.png",
        "render_url": "https://dodo.ac/np/images/9/9a/Arowana_NH.png",
        "catchphrase": "I caught an arowana! I'd make a joke but I don't 'wana.",
        "catchphrase2": "",
        "catchphrase3": "",
        "location": "River",
        "shadow_size": "Large",
        "rarity": "Uncommon",
        "total_catch": "50",
        "sell_nook": "10000",
        "sell_cj": "15000",
        "tank_width": "2",
        "tank_length": "1",
        "time": "4 PM \u2013 9 AM",
        "n_availability": "Jun \u2013 Sep",
        "s_availability": "Dec \u2013 Mar",
        "catchphrases": [
            "I caught an arowana! I'd make a joke but I don't 'wana."
        ],
        "availability_north": [
            {
                "months": "Jun \u2013 Sep",
                "time": "4 PM \u2013 9 AM"
            }
        ],
        "availability_south": [
            {
                "months": "Dec \u2013 Mar",
                "time": "4 PM \u2013 9 AM"
            }
        ],
        "times_by_month_north": {
            "1": "NA",
            "2": "NA",
            "3": "NA",
            "4": "NA",
            "5": "NA",
            "6": "4 PM \u2013 9 AM",
            "7": "4 PM \u2013 9 AM",
            "8": "4 PM \u2013 9 AM",
            "9": "4 PM \u2013 9 AM",
            "10": "NA",
            "11": "NA",
            "12": "NA"
        },
        "times_by_month_south": {
            "1": "4 PM \u2013 9 AM",
            "2": "4 PM \u2013 9 AM",
            "3": "4 PM \u2013 9 AM",
            "4": "NA",
            "5": "NA",
            "6": "NA",
            "7": "NA",
            "8": "NA",
            "9": "NA",
            "10": "NA",
            "11": "NA",
            "12": "4 PM \u2013 9 AM"
        },
        "n_availability_array": [
            "6",
            "7",
            "8",
            "9"
        ],
        "s_availability_array": [
            "1",
            "2",
            "3",
            "12"
        ]
    }
]
