https://api.nookipedia.com/nh/gyroids?excludedetails=true
36 objects returned
[
    "aluminoid",
    "arfoid",
    "babbloid",
    "bendoid",
    "bloopoid",
    "boioingoid",
    "boomoid",
    "brewstoid",
    "bubbloid",
    "bwongoid",
    "clatteroid",
    "crumploid",
    "dootoid",
    "drummoid",
    "flutteroid",
    "jingloid",
    "laseroid",
    "oinkoid",
    "petaloid",
    "rattloid",
    "ringoid",
    "rumbloid",
    "scatteroid",
    "spikenoid",
    "sproingoid",
    "squeakoid",
    "squeezoid",
    "stelloid",
    "thwopoid",
    "tockoid",
    "tremoloid",
    "twangoid",
    "wallopoid",
    "whirroid",
    "whistloid",
    "xylophoid"
]
