https://api.nookipedia.com/nh/interior?excludedetails=true
724 objects returned
[
    "abstract wall",
    "acorn rug",
    "airplane wall",
    "aluminum rug",
    "ancient wall",
    "antique brick wall",
    "apparel-shop wall",
    "apple rug",
    "apple wall",
    "aqua tile flooring",
    "aqua tile wall",
    "arabesque flooring",
    "arched-brick flooring",
    "arched-window wall",
    "argyle tile flooring",
    "artsy parquet flooring",
    "aurora wall",
    "autumn wall",
    "backyard lawn",
    "backyard-fence wall",
    "bamboo flooring",
    "bamboo wall",
    "bamboo-grove wall",
    "bamboo-screen wall",
    "bank-vault wall",
    "basement flooring",
    "basic wall",
    "bathhouse wall",
    "beaded-curtain wall",
    "beige art-deco wall",
    "beige blossoming wall",
    "beige Moroccan flooring",
    "beige Moroccan wall",
    "Bell-bag rug",
    "berry-chocolates flooring",
    "birch flooring",
    "black blocks rug",
    "black botanical-tile wall",
    "black European-style wall",
    "black hallway wall",
    "black iron-parquet flooring",
    "black perforated-board wall",
    "black two-toned tile wall",
    "black window-panel wall",
    "black wooden-deck rug",
    "black-brick flooring",
    "black-brick wall",
    "black-crown wall",
    "black-design kitchen mat",
    "blackboard wall",
    "block flooring",
    "blue argyle rug",
    "blue blocks rug",
    "blue blossoming wall",
    "blue camo flooring",
    "blue camo wall",
    "blue delicate-blooms wall",
    "blue diner wall",
    "blue dot flooring",
    "blue dotted rug",
    "blue exercise mat",
    "blue floral flooring",
    "blue flower-print wall",
    "blue Hawaiian quilt rug",
    "blue heart-pattern wall",
    "blue honeycomb tile",
    "blue honeycomb-tile wall",
    "blue intricate wall",
    "blue kilim-style carpet",
    "blue kitchen mat",
    "blue medium round mat",
    "blue message mat",
    "blue molded-panel wall",
    "blue Moroccan flooring",
    "blue Moroccan wall",
    "blue Moroccan-style wall",
    "blue mosaic-tile flooring",
    "blue painted-wood wall",
    "blue Persian rug",
    "blue playroom wall",
    "blue quilt wall",
    "blue rubber flooring",
    "blue shaggy rug",
    "blue shanty wall",
    "blue simple-cloth wall",
    "blue small round mat",
    "blue stripes rug",
    "blue subway-tile wall",
    "blue tile wall",
    "blue two-toned tile wall",
    "blue vinyl sheet",
    "blue wavy rug",
    "blue wedding rug",
    "blue-crown wall",
    "blue-design kitchen mat",
    "blue-paint flooring",
    "blue-paint wall",
    "blue-rose wall",
    "blue-striped wall",
    "bone entrance mat",
    "botanical rug",
    "botanical-tile wall",
    "boxing-ring mat",
    "brick garden wall",
    "broken stone-path flooring",
    "brown argyle rug",
    "brown argyle-tile flooring",
    "brown botanical-tile wall",
    "brown cow-print rug",
    "brown diner wall",
    "brown floral flooring",
    "brown hallway wall",
    "brown herringbone wall",
    "brown honeycomb tile",
    "brown iron-parquet flooring",
    "brown kitchen mat",
    "brown shaggy rug",
    "brown shanty wall",
    "brown wedding flooring",
    "brown wedding wall",
    "brown wooden-deck rug",
    "brown-brick flooring",
    "brown-brick wall",
    "brown-crown wall",
    "Bunny Day flooring",
    "Bunny Day rug",
    "Bunny Day wall",
    "butterflies wall",
    "cabin wall",
    "caf\u00e9-curtain wall",
    "camo flooring",
    "camo wall",
    "candles wall",
    "chain-link fence",
    "cherry rug",
    "cherry wall",
    "cherry-blossom flooring",
    "cherry-blossom rug",
    "cherry-blossom-trees wall",
    "chic tearoom wall",
    "chic wall",
    "chocolate hallway wall",
    "chocolate herringbone wall",
    "Cinnamoroll flooring",
    "Cinnamoroll rug",
    "Cinnamoroll wall",
    "circuit-board flooring",
    "circuit-board wall",
    "circus flooring",
    "circus wall",
    "cityscape wall",
    "classic-library wall",
    "cloud flooring",
    "club flooring",
    "club wall",
    "coconut mat",
    "coffee-shop wall",
    "colored-leaves flooring",
    "colorful mosaic-tile flooring",
    "colorful puzzle flooring",
    "colorful puzzle wall",
    "colorful tile flooring",
    "colorful vinyl sheet",
    "colorful-tile wall",
    "common flooring",
    "common wall",
    "concession-stand wall",
    "concrete flooring",
    "concrete wall",
    "construction-site flooring",
    "construction-site wall",
    "cookie rug",
    "cool vinyl flooring",
    "cool-paint flooring",
    "cork flooring",
    "crepe-design wall",
    "crop-circles flooring",
    "crosswalk flooring",
    "cubic parquet flooring",
    "cute blue wall",
    "cute blue-tile flooring",
    "cute red wall",
    "cute red-tile flooring",
    "cute white wall",
    "cute white-tile flooring",
    "cute yellow wall",
    "cute yellow-tile flooring",
    "cute-paint flooring",
    "daisy meadow",
    "dark bamboo bath mat",
    "dark bamboo rug",
    "dark herringbone flooring",
    "dark parquet flooring",
    "dark square tile",
    "dark stones rug",
    "dark wood-pattern flooring",
    "dark wooden-mosaic wall",
    "dark-block flooring",
    "dark-chocolate wall",
    "dark-chocolates flooring",
    "dark-wood flooring sheet",
    "dark-wood flooring tile",
    "desert vista",
    "dig-site flooring",
    "dig-site wall",
    "dirt flooring",
    "dirt-clod wall",
    "dojo wall",
    "dungeon wall",
    "Earth rug",
    "elegant beige rug",
    "elegant black rug",
    "elegant blue rug",
    "elegant brown rug",
    "exquisite wall",
    "falling-snow wall",
    "fast-food flooring",
    "festive rug",
    "field flooring",
    "fireworks-show wall",
    "fish rug",
    "flagstone flooring",
    "floral mosaic-tile flooring",
    "floral rush-mat flooring",
    "flowing-river flooring",
    "fluffy rug",
    "football rug",
    "forest flooring",
    "forest wall",
    "fossil rug",
    "frozen floor tiles",
    "frozen-foods freezer wall",
    "future-tech flooring",
    "future-tech wall",
    "galaxy flooring",
    "garbage-heap flooring",
    "garbage-heap wall",
    "giraffe-print flooring",
    "glowing-moss cave wall",
    "glowing-moss flooring",
    "glowing-moss forest wall",
    "glowing-moss rug",
    "glowing-moss ruins wall",
    "gold iron-parquet flooring",
    "gold-screen wall",
    "golden flooring",
    "golden wall",
    "gravel flooring",
    "graveyard wall",
    "gray argyle-tile flooring",
    "gray brick rug",
    "gray diner wall",
    "gray floor tiles",
    "gray locker-room wall",
    "gray molded-panel wall",
    "gray shanty wall",
    "gray vinyl flooring",
    "gray-shelving wall",
    "gray-striped wall",
    "green bamboo mat",
    "green blossoming wall",
    "green checked rug",
    "green delicate-blooms wall",
    "green exercise mat",
    "green exquisite rug",
    "green floral flooring",
    "green flower-print wall",
    "green Hawaiian quilt rug",
    "green honeycomb tile",
    "green honeycomb-tile wall",
    "green intricate wall",
    "green kilim-style carpet",
    "green kitchen mat",
    "green molded-panel wall",
    "green painted-wood wall",
    "green playroom wall",
    "green retro flooring",
    "green rubber flooring",
    "green shaggy rug",
    "green stripes rug",
    "green vinyl flooring",
    "green wedding flooring",
    "green wedding wall",
    "green-paint flooring",
    "green-paint wall",
    "greenhouse wall",
    "groovy wall",
    "gym flooring",
    "hallway wall",
    "harmonious wall",
    "heavy-curtain wall",
    "Hello Kitty flooring",
    "Hello Kitty rug",
    "Hello Kitty wall",
    "hexagonal floral flooring",
    "highway flooring",
    "honeycomb flooring",
    "honeycomb wall",
    "honeycomb-tile wall",
    "hopscotch flooring",
    "ice flooring",
    "ice wall",
    "ice-cream-shoppe wall",
    "iceberg flooring",
    "iceberg wall",
    "imperial rug",
    "imperial tile",
    "imperial wall",
    "industrial wall",
    "iron entrance mat",
    "ivory medium round mat",
    "ivory simple bath mat",
    "ivory small round mat",
    "ivy wall",
    "Jingle wall",
    "jointed-mat flooring",
    "jungle flooring",
    "jungle wall",
    "Kerokerokeroppi flooring",
    "Kerokerokeroppi rug",
    "Kerokerokeroppi wall",
    "Kiki & Lala flooring",
    "Kiki & Lala rug",
    "Kiki & Lala wall",
    "kisses wall",
    "kitschy tile",
    "laboratory wall",
    "lacy rug",
    "ladybug rug",
    "Lakitu's Cloud rug",
    "large Paradise Planning rug",
    "lattice wall",
    "lava flooring",
    "leopard-print flooring",
    "light bamboo bath mat",
    "light bamboo rug",
    "light herringbone flooring",
    "light parquet flooring",
    "light square tile",
    "light stones rug",
    "light wood-pattern flooring",
    "light-brown cow-print rug",
    "light-wood flooring sheet",
    "light-wood flooring tile",
    "limestone-cave wall",
    "lobby flooring",
    "lunar surface",
    "magic-circle flooring",
    "magic-circle rug",
    "magma-cavern wall",
    "manga-library wall",
    "mangrove wall",
    "maple-leaf rug",
    "marine pop flooring",
    "marine pop wall",
    "meadow vista",
    "mermaid flooring",
    "mermaid rug",
    "mermaid wall",
    "mint dot flooring",
    "misty-garden wall",
    "mod wall",
    "modern shoji-screen wall",
    "modern tearoom wall",
    "modern wavy rug",
    "modern wood flooring",
    "modern wood wall",
    "Mom's cool kitchen mat",
    "Mom's lively kitchen mat",
    "Mom's playful kitchen mat",
    "Mom's reliable kitchen mat",
    "money flooring",
    "monochromatic dot flooring",
    "monochromatic dotted rug",
    "monochromatic dotted wall",
    "monochromatic tile flooring",
    "monochromatic wavy rug",
    "monochromatic-tile wall",
    "moon rug",
    "Moroccan art-tile flooring",
    "mortar wall",
    "mosaic-tile wall",
    "mossy-garden flooring",
    "mossy-garden wall",
    "museum wall",
    "mush rug",
    "mush wall",
    "mushroom mural",
    "My Melody flooring",
    "My Melody rug",
    "My Melody wall",
    "natural flooring",
    "natural wooden-deck rug",
    "natural-block flooring",
    "natural-wood flooring sheet",
    "natural-wood flooring tile",
    "natural-wood square tile",
    "Nook Inc. botanical rug",
    "Nook Inc. flooring",
    "Nook Inc. rug",
    "Nook Inc. silk rug",
    "Nook Inc. wall",
    "oasis flooring",
    "ocean-horizon wall",
    "office wall",
    "old board flooring",
    "old stone-tile flooring",
    "old wallpaper",
    "olive Moroccan flooring",
    "olive Moroccan wall",
    "operating-room flooring",
    "operating-room wall",
    "orange camo flooring",
    "orange camo wall",
    "orange molded-panel wall",
    "orange Moroccan-style wall",
    "orange retro flooring",
    "orange rug",
    "orange wall",
    "orange-paint wall",
    "outdoor-window wall",
    "oval entrance mat",
    "paintball flooring",
    "paintball wall",
    "palace tile",
    "palace wall",
    "Paradise Planning flooring",
    "Paradise Planning wall",
    "parking flooring",
    "party flooring",
    "party wall",
    "pastel dotted wall",
    "pastel puzzle flooring",
    "pastel puzzle wall",
    "patchwork-tile flooring",
    "patient-ward flooring",
    "paw-print wall",
    "peach checked rug",
    "peach rug",
    "peach stripes rug",
    "peach two-toned tile wall",
    "peach wall",
    "pear rug",
    "pear wall",
    "perforated-board wall",
    "pharmacy-shelving wall",
    "pine-board flooring",
    "pink blossoming wall",
    "pink diner wall",
    "pink flower-print wall",
    "pink Hawaiian quilt rug",
    "pink heart rug",
    "pink heart-pattern wall",
    "pink painted-wood wall",
    "pink playroom wall",
    "pink quilt wall",
    "pink rose rug",
    "pink shanty wall",
    "pink simple-cloth wall",
    "pink-crown wall",
    "pink-paint flooring",
    "pink-striped wall",
    "pirate flooring",
    "pirate rug",
    "pirate wall",
    "Pompompurin flooring",
    "Pompompurin rug",
    "Pompompurin wall",
    "prom flooring",
    "prom wall",
    "purple camo flooring",
    "purple camo wall",
    "purple dotted wall",
    "purple heart rug",
    "purple Moroccan flooring",
    "purple Moroccan wall",
    "purple Persian rug",
    "purple puzzle flooring",
    "purple puzzle wall",
    "purple quilt wall",
    "purple shaggy rug",
    "purple-rose wall",
    "pyramid tile",
    "racetrack flooring",
    "rammed-earth wall",
    "ramshackle flooring",
    "ramshackle wall",
    "random-square-tile flooring",
    "rattan flooring",
    "record rug",
    "red argyle rug",
    "red art-deco wall",
    "red blocks rug",
    "red brick rug",
    "red carpet",
    "red delicate-blooms wall",
    "red dot flooring",
    "red dotted rug",
    "red dotted wall",
    "red exercise mat",
    "red exquisite rug",
    "red heart-pattern wall",
    "red intricate wall",
    "red kilim-style carpet",
    "red locker-room wall",
    "red medium round mat",
    "red message mat",
    "red perforated-board wall",
    "red Persian rug",
    "red rose rug",
    "red small round mat",
    "red two-toned tile wall",
    "red vinyl sheet",
    "red watermelon rug",
    "red wavy rug",
    "red wedding rug",
    "red-and-black vinyl flooring",
    "red-and-blue checked rug",
    "red-brick flooring",
    "red-brick wall",
    "red-design kitchen mat",
    "restaurant-kitchen flooring",
    "retro dotted rug",
    "retro flower-print wall",
    "retro restaurant wall",
    "rice-paddy wall",
    "ringside seating",
    "robo-flooring",
    "robo-wall",
    "rock-climbing wall",
    "rocky-mountain flooring",
    "Room Sketch flooring",
    "Room Sketch wall",
    "rope-net flooring",
    "rope-net wall",
    "rose flooring",
    "rose wall",
    "rosewood flooring",
    "rough rug",
    "round glowing-moss rug",
    "round vine rug",
    "rubber mud mat",
    "rubber-tile flooring",
    "ruins wall",
    "rush tatami",
    "rush tatami flooring",
    "rustic-stone wall",
    "Saharah's desert",
    "sakura-wood flooring",
    "sakura-wood wall",
    "sandlot",
    "sandy-beach flooring",
    "sci-fi flooring",
    "sci-fi wall",
    "scramble crosswalk",
    "screen wall",
    "sea view",
    "security-monitors wall",
    "sepia puzzle flooring",
    "sepia puzzle wall",
    "server-room wall",
    "shamrock rug",
    "shanty mat",
    "shell rug",
    "ship deck",
    "shoji screen",
    "shutter wall",
    "sidewalk flooring",
    "simple blue flooring",
    "simple entrance mat",
    "simple green bath mat",
    "simple medium avocado mat",
    "simple medium black mat",
    "simple medium blue mat",
    "simple medium brown mat",
    "simple medium orange mat",
    "simple medium purple mat",
    "simple medium red mat",
    "simple navy bath mat",
    "simple pink bath mat",
    "simple purple flooring",
    "simple red flooring",
    "simple small avocado mat",
    "simple small black mat",
    "simple small blue mat",
    "simple small brown mat",
    "simple small orange mat",
    "simple small purple mat",
    "simple small red mat",
    "simple white flooring",
    "ski-slope flooring",
    "ski-slope wall",
    "skull rug",
    "skull wall",
    "skull-print flooring",
    "sky wall",
    "skyscraper wall",
    "slate flooring",
    "sloppy rug",
    "small Paradise Planning mat",
    "snowflake rug",
    "snowflake wall",
    "soothing tearoom wall",
    "spooky flooring",
    "spooky rug",
    "spooky wall",
    "stacked-wood wall",
    "stadium wall",
    "stage rug",
    "standard tearoom wall",
    "starry wall",
    "starry-sands flooring",
    "starry-skies rug",
    "starry-sky wall",
    "stately wall",
    "steampunk flooring",
    "steampunk wall",
    "steel flooring",
    "steel-frame wall",
    "stone tile",
    "stone wall",
    "stormy-night wall",
    "straw wall",
    "strawberry-chocolate wall",
    "street-art wall",
    "stripe flooring",
    "summer-shell rug",
    "summit wall",
    "sumo ring",
    "sunflower rug",
    "supermarket wall",
    "swamp flooring",
    "tatami",
    "tatami flooring",
    "tatami mat",
    "tent flooring",
    "tent wall",
    "terra-cotta flooring",
    "tiger-print flooring",
    "train-station flooring",
    "train-window wall",
    "tree-lined wall",
    "tree-stump rug",
    "tropical rug",
    "tropical vista",
    "Turkey Day flooring",
    "Turkey Day rug",
    "Turkey Day wall",
    "turquoise heart rug",
    "underwater flooring",
    "underwater wall",
    "water flooring",
    "wavy-tile wall",
    "wedding-party wall",
    "western desert",
    "western vista",
    "white botanical-tile wall",
    "white delicate-blooms wall",
    "white European-style wall",
    "white exercise mat",
    "white hallway wall",
    "white heart rug",
    "white honeycomb tile",
    "white honeycomb-tile wall",
    "white iron-parquet flooring",
    "white message mat",
    "white mosaic-tile flooring",
    "white painted-wood wall",
    "white perforated-board wall",
    "white rose rug",
    "white simple medium mat",
    "white simple small mat",
    "white simple-cloth wall",
    "white square tile",
    "white subway-tile wall",
    "white wedding flooring",
    "white wedding rug",
    "white wedding wall",
    "white window-panel wall",
    "white wooden-deck rug",
    "white-brick flooring",
    "white-brick wall",
    "white-chocolate wall",
    "white-chocolates flooring",
    "white-paint flooring",
    "white-rose wall",
    "white-shelving wall",
    "white-wood flooring sheet",
    "white-wood flooring tile",
    "wild-wood wall",
    "wildflower meadow",
    "wooden-knot flooring",
    "wooden-knot wall",
    "wooden-mosaic wall",
    "woodland wall",
    "yellow argyle rug",
    "yellow bamboo mat",
    "yellow blocks rug",
    "yellow checked rug",
    "yellow floral flooring",
    "yellow flower-print wall",
    "yellow Hawaiian quilt rug",
    "yellow heart-pattern wall",
    "yellow intricate wall",
    "yellow kilim-style carpet",
    "yellow kitchen mat",
    "yellow medium round mat",
    "yellow message mat",
    "yellow Persian rug",
    "yellow playroom wall",
    "yellow quilt wall",
    "yellow rose rug",
    "yellow simple-cloth wall",
    "yellow small round mat",
    "yellow star rug",
    "yellow stripes rug",
    "yellow vinyl sheet",
    "yellow watermelon rug",
    "yellow-design kitchen mat",
    "yellow-paint wall",
    "yellow-striped wall",
    "Yoshi's Egg rug",
    "zebra-print flooring",
    "zen architecture wall"
]
