https://api.nookipedia.com/nh/tools?excludedetails=true
145 objects returned
[
    "axe",
    "bamboo wand",
    "bean-tossing kit",
    "berry-vanilla soft serve",
    "bitter-orange folding fan",
    "blue balloon",
    "blue sparkler",
    "boba coffee",
    "boba green tea",
    "boba mango tea",
    "boba milk tea",
    "boba strawberry tea",
    "bubble blower",
    "bug wand",
    "Bunny Day wand",
    "canned apple juice",
    "canned coffee",
    "canned grape juice",
    "canned green tea",
    "canned orange juice",
    "canned soda",
    "canned sports drink",
    "canned tea",
    "cherry-blossom wand",
    "chitose ame",
    "chocolate cone",
    "chocolate donut",
    "chocolate frozen treat",
    "chocolate soft serve",
    "colorful fishing rod",
    "colorful light stick",
    "colorful net",
    "colorful shovel",
    "colorful slingshot",
    "colorful watering can",
    "cosmos wand",
    "dumbbell",
    "duster",
    "elephant watering can",
    "fiery cheer megaphone",
    "fish fishing rod",
    "fish wand",
    "fishing rod",
    "flimsy axe",
    "flimsy fishing rod",
    "flimsy net",
    "flimsy shovel",
    "flimsy watering can",
    "flower-petal basket",
    "football cheer megaphone",
    "foxtail",
    "glittery cheer megaphone",
    "golden axe",
    "golden ladder set-up kit",
    "golden net",
    "golden rod",
    "golden shovel",
    "golden slingshot",
    "golden wand",
    "golden watering can",
    "grass-green folding fan",
    "green balloon",
    "handheld lantern",
    "hyacinth wand",
    "ice wand",
    "iron ladder set-up kit",
    "iron wand",
    "Kiki & Lala wand",
    "ladder",
    "light stick",
    "lily wand",
    "magic bag",
    "maracas",
    "matcha donut",
    "matcha-vanilla soft serve",
    "melon cotton candy",
    "melon-cheesecake cone",
    "mums wand",
    "mushroom wand",
    "net",
    "nice branch",
    "Nook Inc. balloon",
    "Nook Inc. handheld pennant",
    "Nook Inc. uchiwa fan",
    "ocarina",
    "orange frozen treat",
    "orange-mint cone",
    "outdoorsy fishing rod",
    "outdoorsy net",
    "outdoorsy shovel",
    "outdoorsy slingshot",
    "outdoorsy watering can",
    "pan flute",
    "pansy wand",
    "party popper",
    "peachy-pink folding fan",
    "pink balloon",
    "pinwheel",
    "plain cotton candy",
    "pocket magazine",
    "pocketbook",
    "printed-design shovel",
    "protein shake",
    "rainbow soft serve",
    "ramune-soda cotton candy",
    "ramune-soda frozen treat",
    "ramune-soda-lemon cone",
    "red balloon",
    "red sparkler",
    "rose wand",
    "shamrock soda",
    "shamrock wand",
    "shell wand",
    "shovel",
    "sky-blue folding fan",
    "slingshot",
    "sparkling cider",
    "spooky treats basket",
    "spooky wand",
    "star net",
    "star wand",
    "starry cheer megaphone",
    "stone axe",
    "strawberry cone",
    "strawberry cotton candy",
    "strawberry donut",
    "takeout coffee",
    "tambourine",
    "timer",
    "tree-branch wand",
    "tulip wand",
    "tweeter",
    "uchiwa fan",
    "vanilla cone",
    "vanilla soft serve",
    "vaulting pole",
    "vine ladder set-up kit",
    "wand",
    "watering can",
    "wedding wand",
    "white-chocolate donut",
    "windflower wand",
    "wooden ladder set-up kit",
    "worn axe",
    "yellow balloon"
]
